Hmm ... looks like a package

This is pdfTeX, Version 3.141592653-2.6-1.40.22 (TeX Live 2021) (preloaded format=pdflatex)
 restricted \write18 enabled.
entering extended mode
LaTeX2e <2020-10-01> patch level 4
L3 programming layer <2021-02-18>
(./Rd2.tex
(/usr/local/texlive/2021/texmf-dist/tex/latex/base/book.cls
Document Class: book 2020/04/10 v1.4m Standard LaTeX document class
(/usr/local/texlive/2021/texmf-dist/tex/latex/base/bk10.clo))
(/Library/Frameworks/R.framework/Resources/share/texmf/tex/latex/Rd.sty
(/usr/local/texlive/2021/texmf-dist/tex/latex/base/ifthen.sty)
(/usr/local/texlive/2021/texmf-dist/tex/latex/tools/longtable.sty)
(/usr/local/texlive/2021/texmf-dist/tex/latex/tools/bm.sty)
(/usr/local/texlive/2021/texmf-dist/tex/latex/base/alltt.sty)
(/usr/local/texlive/2021/texmf-dist/tex/latex/tools/verbatim.sty)
(/usr/local/texlive/2021/texmf-dist/tex/latex/url/url.sty)
(/usr/local/texlive/2021/texmf-dist/tex/latex/base/textcomp.sty)
(/usr/local/texlive/2021/texmf-dist/tex/latex/base/fontenc.sty)
(/usr/local/texlive/2021/texmf-dist/tex/latex/psnfss/times.sty)
(/usr/local/texlive/2021/texmf-dist/tex/latex/inconsolata/zi4.sty
`inconsolata-zi4' v1.12, 2019/05/17 Text macros for Inconsolata (msharpe)
(/usr/local/texlive/2021/texmf-dist/tex/latex/xkeyval/xkeyval.sty
(/usr/local/texlive/2021/texmf-dist/tex/generic/xkeyval/xkeyval.tex
(/usr/local/texlive/2021/texmf-dist/tex/generic/xkeyval/xkvutils.tex
(/usr/local/texlive/2021/texmf-dist/tex/generic/xkeyval/keyval.tex)))))
(/usr/local/texlive/2021/texmf-dist/tex/latex/graphics/color.sty
(/usr/local/texlive/2021/texmf-dist/tex/latex/graphics-cfg/color.cfg)
(/usr/local/texlive/2021/texmf-dist/tex/latex/graphics-def/pdftex.def))
(/usr/local/texlive/2021/texmf-dist/tex/latex/hyperref/hyperref.sty
(/usr/local/texlive/2021/texmf-dist/tex/generic/ltxcmds/ltxcmds.sty)
(/usr/local/texlive/2021/texmf-dist/tex/generic/iftex/iftex.sty)
(/usr/local/texlive/2021/texmf-dist/tex/generic/pdftexcmds/pdftexcmds.sty
(/usr/local/texlive/2021/texmf-dist/tex/generic/infwarerr/infwarerr.sty))
(/usr/local/texlive/2021/texmf-dist/tex/generic/kvsetkeys/kvsetkeys.sty)
(/usr/local/texlive/2021/texmf-dist/tex/generic/kvdefinekeys/kvdefinekeys.sty)
(/usr/local/texlive/2021/texmf-dist/tex/generic/pdfescape/pdfescape.sty)
(/usr/local/texlive/2021/texmf-dist/tex/latex/hycolor/hycolor.sty)
(/usr/local/texlive/2021/texmf-dist/tex/latex/letltxmacro/letltxmacro.sty)
(/usr/local/texlive/2021/texmf-dist/tex/latex/auxhook/auxhook.sty)
(/usr/local/texlive/2021/texmf-dist/tex/latex/kvoptions/kvoptions.sty)
(/usr/local/texlive/2021/texmf-dist/tex/latex/hyperref/pd1enc.def)
(/usr/local/texlive/2021/texmf-dist/tex/latex/hyperref/hyperref-langpatches.def
) (/usr/local/texlive/2021/texmf-dist/tex/generic/intcalc/intcalc.sty)
(/usr/local/texlive/2021/texmf-dist/tex/generic/etexcmds/etexcmds.sty)
(/usr/local/texlive/2021/texmf-dist/tex/latex/hyperref/puenc.def)
(/usr/local/texlive/2021/texmf-dist/tex/generic/bitset/bitset.sty
(/usr/local/texlive/2021/texmf-dist/tex/generic/bigintcalc/bigintcalc.sty))
(/usr/local/texlive/2021/texmf-dist/tex/latex/base/atbegshi-ltx.sty))
(/usr/local/texlive/2021/texmf-dist/tex/latex/hyperref/hpdftex.def
(/usr/local/texlive/2021/texmf-dist/tex/latex/base/atveryend-ltx.sty)
(/usr/local/texlive/2021/texmf-dist/tex/latex/rerunfilecheck/rerunfilecheck.sty

(/usr/local/texlive/2021/texmf-dist/tex/generic/uniquecounter/uniquecounter.sty
)))

Package hyperref Warning: Option `hyperindex' has already been used,
(hyperref)                setting the option has no effect on input line 377.


Package hyperref Warning: Option `pagebackref' has already been used,
(hyperref)                setting the option has no effect on input line 377.

) (/usr/local/texlive/2021/texmf-dist/tex/latex/base/makeidx.sty)
(/usr/local/texlive/2021/texmf-dist/tex/latex/base/inputenc.sty)
Writing index file Rd2.idx
(/usr/local/texlive/2021/texmf-dist/tex/latex/psnfss/t1ptm.fd)
(/usr/local/texlive/2021/texmf-dist/tex/latex/l3backend/l3backend-pdftex.def)
No file Rd2.aux.
(/usr/local/texlive/2021/texmf-dist/tex/context/base/mkii/supp-pdf.mkii
[Loading MPS to PDF converter (version 2006.09.02).]
) (/usr/local/texlive/2021/texmf-dist/tex/latex/hyperref/nameref.sty
(/usr/local/texlive/2021/texmf-dist/tex/latex/refcount/refcount.sty)
(/usr/local/texlive/2021/texmf-dist/tex/generic/gettitlestring/gettitlestring.s
ty)) (/usr/local/texlive/2021/texmf-dist/tex/latex/psnfss/ts1ptm.fd)
(/usr/local/texlive/2021/texmf-dist/tex/latex/inconsolata/t1zi4.fd)
(/usr/local/texlive/2021/texmf-dist/tex/latex/psnfss/t1phv.fd) [1{/usr/local/te
xlive/2021/texmf-var/fonts/map/pdftex/updmap/pdftex.map}]
Overfull \hbox (15.25816pt too wide) in paragraph at lines 92--93
[]\T1/ptm/m/n/10 group name of the weights group from the SJD_algorithm out-put
, i.e 'Shared.All.13' 
[2] (/usr/local/texlive/2021/texmf-dist/tex/latex/inconsolata/ts1zi4.fd)
Overfull \hbox (12.75021pt too wide) in paragraph at lines 130--130
 []\T1/zi4/m/n/9 twoStageLCA.out = twoStageLCA(dataset = NeuroGenesis4.afterWra
p, group = grp, comp_num = dims)[] 
[3]
Overfull \hbox (15.25816pt too wide) in paragraph at lines 176--177
[]\T1/ptm/m/n/10 group name of the weights group from the SJD_algorithm out-put
, i.e 'Shared.All.13' 

Overfull \hbox (12.75021pt too wide) in paragraph at lines 214--214
 []\T1/zi4/m/n/9 twoStageLCA.out = twoStageLCA(dataset = NeuroGenesis4.afterWra
p, group = grp, comp_num = dims)[] 
[4] [5]
Underfull \hbox (badness 10000) in paragraph at lines 307--307
[]\T1/ptm/m/it/10 Components Name As-sign-ment for con-cate-nate, joint and
[6] [7] [8] [9] [10] [11] [12] [13] [14] [15] [16] [17] [18] [19] [20] [21]
[22]
Overfull \hbox (2.18639pt too wide) in paragraph at lines 1295--1296
[]\T1/ptm/m/n/10 A list of 4 neuro data sets sam-pled, con-tain-ing: Meiss-ner.
inVitro.bulk.Hs, LIBD.AZ.inVitro.bulk.Hs,

Overfull \hbox (56.66597pt too wide) in paragraph at lines 1324--1325
[]\T1/ptm/m/n/10 A list of 4 neuro data sets sam-pled af-ter wrap-per, con-tain
-ing: Meiss-ner.inVitro.bulk.Hs, LIBD.AZ.inVitro.bulk.Hs,
[23]
Overfull \hbox (33.7562pt too wide) in paragraph at lines 1353--1354
[]\T1/ptm/m/n/10 A list of info for 4 neuro data sets sam-pled, con-tain-ing: M
eiss-ner.inVitro.bulk.Hs, LIBD.AZ.inVitro.bulk.Hs,
[24] [25]
Overfull \hbox (13.49706pt too wide) in paragraph at lines 1473--1474
[]\T1/ptm/m/n/10 A log-i-cal vec-tor in-di-cat-ing which group-ings, i. e. whic
h el-e-ments of list_component
[26]
Overfull \hbox (18.73488pt too wide) in paragraph at lines 1496--1496
 []\T1/zi4/m/n/9 proj_group = c(TRUE, TRUE) # which groupings in the twoStageiL
CA analysis you want to project on.[] 

Overfull \hbox (245.21954pt too wide) in paragraph at lines 1505--1505
 []\T1/zi4/m/n/9 PLEASE MAKE SURE YOUR proj_dataset AND list_component ELEMENTS
 HAVE MEANINGFUL ROW(GENE) NAMES - they are matched across matrices for the pro
jection.[] 

Overfull \hbox (13.49706pt too wide) in paragraph at lines 1538--1539
[]\T1/ptm/m/n/10 A log-i-cal vec-tor in-di-cat-ing which group-ings, i. e. whic
h el-e-ments of list_component
[27]
Overfull \hbox (9.73488pt too wide) in paragraph at lines 1559--1559
 []\T1/zi4/m/n/9 proj_group = c(TRUE, TRUE) # which groupings in the joint deco
mposition you want to project on.[] 

Overfull \hbox (245.21954pt too wide) in paragraph at lines 1566--1566
 []\T1/zi4/m/n/9 PLEASE MAKE SURE YOUR proj_dataset AND list_component ELEMENTS
 HAVE MEANINGFUL ROW(GENE) NAMES - they are matched across matrices for the pro
jection.[] 
[28]
Overfull \hbox (48.76862pt too wide) in paragraph at lines 1613--1613
 []\T1/zi4/m/n/9 pveMultiple(dataset, group, comp_num, res_concatPCA$score_list
, res_concatPCA$linked_component_list)[] 
[29] [30] [31] [32] [33]
Overfull \hbox (8.63681pt too wide) in paragraph at lines 1966--1969
[]\T1/ptm/m/n/10 Assign name to scores based on the ex-tracted name for each da
taset, it takes the vec-tor of dataset_name
[34] [35] [36] [37] [38]
Overfull \hbox (16.41006pt too wide) in paragraph at lines 2263--2263
 []  \T1/zi4/m/n/10 clrs2end = c("plum", "purple", "blue", "blue4", "black", "d
arkred", "red", "orange",[] 
[39]
Overfull \hbox (227.63528pt too wide) in paragraph at lines 2282--2283
[]\T1/ptm/m/n/10 color scale for re-sult scores from other al-go-rithms. De-fau
lt: c("plum","purple","blue","blue4","black","darkred","red","orange","yellow")
 

Overfull \hbox (12.75021pt too wide) in paragraph at lines 2326--2326
 []\T1/zi4/m/n/9 twoStageLCA.out = twoStageLCA(dataset = NeuroGenesis4.afterWra
p, group = grp, comp_num = dims)[] 
[40]
Overfull \hbox (13.34753pt too wide) in paragraph at lines 2366--2367
[]\T1/ptm/m/n/10 character of gene/rowname type of each ma-trix i.e c("symbol",
"ensembl","symbol") 
[41]
Overfull \hbox (32.27168pt too wide) in paragraph at lines 2451--2451
 []\T1/zi4/m/n/9 rownames(NeuroGenesis4.sample[[1]])[5] = paste0(rownames(Neuro
Genesis4.sample[[1]])[5], ".test")[] 
[42]
Overfull \hbox (41.27168pt too wide) in paragraph at lines 2454--2454
 []\T1/zi4/m/n/9 rownames(NeuroGenesis4.sample[[2]])[10] = paste0(rownames(Neur
oGenesis4.sample[[2]])[10], ".test")[] 

Overfull \hbox (41.27168pt too wide) in paragraph at lines 2457--2457
 []\T1/zi4/m/n/9 rownames(NeuroGenesis4.sample[[3]])[15] = paste0(rownames(Neur
oGenesis4.sample[[3]])[15], ".test")[] 

Overfull \hbox (41.27168pt too wide) in paragraph at lines 2460--2460
 []\T1/zi4/m/n/9 rownames(NeuroGenesis4.sample[[4]])[20] = paste0(rownames(Neur
oGenesis4.sample[[4]])[20], ".test")[] 
[43] [44]
Overfull \hbox (1.07767pt too wide) in paragraph at lines 2592--2593
[]\T1/ptm/m/n/10 A backup vari-able, which per-mits the over-s-e-lec-tion of th
e com-po-nents by BEMA 

Overfull \hbox (19.63658pt too wide) in paragraph at lines 2609--2610
[]\T1/ptm/m/n/10 A list con-tains the com-po-nent and the score of each dataset
 on ev-ery com-po-nent af-ter twoStageiLCA.rank
[45] [46]
Overfull \hbox (1.07767pt too wide) in paragraph at lines 2743--2744
[]\T1/ptm/m/n/10 A backup vari-able, which per-mits the over-s-e-lec-tion of th
e com-po-nents by BEMA 
[47] [48]
No file Rd2.ind.
[49]
(/private/var/folders/hc/0xmbh5bn66d88xs_1l5fqk440000gn/T/RtmppHS1mI/Rd2pdf6422
727cead/Rd2.aux)

Package rerunfilecheck Warning: File `Rd2.out' has changed.
(rerunfilecheck)                Rerun to get outlines right
(rerunfilecheck)                or use package `bookmark'.

 )
(see the transcript file for additional information){/usr/local/texlive/2021/te
xmf-dist/fonts/enc/dvips/inconsolata/i4-ts1.enc}{/usr/local/texlive/2021/texmf-
dist/fonts/enc/dvips/base/8r.enc}{/usr/local/texlive/2021/texmf-dist/fonts/enc/
dvips/inconsolata/i4-t1-0.enc}{/usr/local/texlive/2021/texmf-dist/fonts/enc/dvi
ps/cm-super/cm-super-ts1.enc}</usr/local/texlive/2021/texmf-dist/fonts/type1/pu
blic/inconsolata/Inconsolata-zi4r.pfb></usr/local/texlive/2021/texmf-dist/fonts
/type1/public/cm-super/sfrm1000.pfb></usr/local/texlive/2021/texmf-dist/fonts/t
ype1/urw/helvetic/uhvr8a.pfb></usr/local/texlive/2021/texmf-dist/fonts/type1/ur
w/times/utmb8a.pfb></usr/local/texlive/2021/texmf-dist/fonts/type1/urw/times/ut
mr8a.pfb></usr/local/texlive/2021/texmf-dist/fonts/type1/urw/times/utmr8a.pfb><
/usr/local/texlive/2021/texmf-dist/fonts/type1/urw/times/utmri8a.pfb>
Output written on Rd2.pdf (49 pages, 161177 bytes).
Transcript written on Rd2.log.
This is pdfTeX, Version 3.141592653-2.6-1.40.22 (TeX Live 2021) (preloaded format=pdflatex)
 restricted \write18 enabled.
entering extended mode
LaTeX2e <2020-10-01> patch level 4
L3 programming layer <2021-02-18>
(./Rd2.tex
(/usr/local/texlive/2021/texmf-dist/tex/latex/base/book.cls
Document Class: book 2020/04/10 v1.4m Standard LaTeX document class
(/usr/local/texlive/2021/texmf-dist/tex/latex/base/bk10.clo))
(/Library/Frameworks/R.framework/Resources/share/texmf/tex/latex/Rd.sty
(/usr/local/texlive/2021/texmf-dist/tex/latex/base/ifthen.sty)
(/usr/local/texlive/2021/texmf-dist/tex/latex/tools/longtable.sty)
(/usr/local/texlive/2021/texmf-dist/tex/latex/tools/bm.sty)
(/usr/local/texlive/2021/texmf-dist/tex/latex/base/alltt.sty)
(/usr/local/texlive/2021/texmf-dist/tex/latex/tools/verbatim.sty)
(/usr/local/texlive/2021/texmf-dist/tex/latex/url/url.sty)
(/usr/local/texlive/2021/texmf-dist/tex/latex/base/textcomp.sty)
(/usr/local/texlive/2021/texmf-dist/tex/latex/base/fontenc.sty)
(/usr/local/texlive/2021/texmf-dist/tex/latex/psnfss/times.sty)
(/usr/local/texlive/2021/texmf-dist/tex/latex/inconsolata/zi4.sty
`inconsolata-zi4' v1.12, 2019/05/17 Text macros for Inconsolata (msharpe)
(/usr/local/texlive/2021/texmf-dist/tex/latex/xkeyval/xkeyval.sty
(/usr/local/texlive/2021/texmf-dist/tex/generic/xkeyval/xkeyval.tex
(/usr/local/texlive/2021/texmf-dist/tex/generic/xkeyval/xkvutils.tex
(/usr/local/texlive/2021/texmf-dist/tex/generic/xkeyval/keyval.tex)))))
(/usr/local/texlive/2021/texmf-dist/tex/latex/graphics/color.sty
(/usr/local/texlive/2021/texmf-dist/tex/latex/graphics-cfg/color.cfg)
(/usr/local/texlive/2021/texmf-dist/tex/latex/graphics-def/pdftex.def))
(/usr/local/texlive/2021/texmf-dist/tex/latex/hyperref/hyperref.sty
(/usr/local/texlive/2021/texmf-dist/tex/generic/ltxcmds/ltxcmds.sty)
(/usr/local/texlive/2021/texmf-dist/tex/generic/iftex/iftex.sty)
(/usr/local/texlive/2021/texmf-dist/tex/generic/pdftexcmds/pdftexcmds.sty
(/usr/local/texlive/2021/texmf-dist/tex/generic/infwarerr/infwarerr.sty))
(/usr/local/texlive/2021/texmf-dist/tex/generic/kvsetkeys/kvsetkeys.sty)
(/usr/local/texlive/2021/texmf-dist/tex/generic/kvdefinekeys/kvdefinekeys.sty)
(/usr/local/texlive/2021/texmf-dist/tex/generic/pdfescape/pdfescape.sty)
(/usr/local/texlive/2021/texmf-dist/tex/latex/hycolor/hycolor.sty)
(/usr/local/texlive/2021/texmf-dist/tex/latex/letltxmacro/letltxmacro.sty)
(/usr/local/texlive/2021/texmf-dist/tex/latex/auxhook/auxhook.sty)
(/usr/local/texlive/2021/texmf-dist/tex/latex/kvoptions/kvoptions.sty)
(/usr/local/texlive/2021/texmf-dist/tex/latex/hyperref/pd1enc.def)
(/usr/local/texlive/2021/texmf-dist/tex/latex/hyperref/hyperref-langpatches.def
) (/usr/local/texlive/2021/texmf-dist/tex/generic/intcalc/intcalc.sty)
(/usr/local/texlive/2021/texmf-dist/tex/generic/etexcmds/etexcmds.sty)
(/usr/local/texlive/2021/texmf-dist/tex/latex/hyperref/puenc.def)
(/usr/local/texlive/2021/texmf-dist/tex/generic/bitset/bitset.sty
(/usr/local/texlive/2021/texmf-dist/tex/generic/bigintcalc/bigintcalc.sty))
(/usr/local/texlive/2021/texmf-dist/tex/latex/base/atbegshi-ltx.sty))
(/usr/local/texlive/2021/texmf-dist/tex/latex/hyperref/hpdftex.def
(/usr/local/texlive/2021/texmf-dist/tex/latex/base/atveryend-ltx.sty)
(/usr/local/texlive/2021/texmf-dist/tex/latex/rerunfilecheck/rerunfilecheck.sty

(/usr/local/texlive/2021/texmf-dist/tex/generic/uniquecounter/uniquecounter.sty
)))

Package hyperref Warning: Option `hyperindex' has already been used,
(hyperref)                setting the option has no effect on input line 377.


Package hyperref Warning: Option `pagebackref' has already been used,
(hyperref)                setting the option has no effect on input line 377.

) (/usr/local/texlive/2021/texmf-dist/tex/latex/base/makeidx.sty)
(/usr/local/texlive/2021/texmf-dist/tex/latex/base/inputenc.sty)
Writing index file Rd2.idx
(/usr/local/texlive/2021/texmf-dist/tex/latex/psnfss/t1ptm.fd)
(/usr/local/texlive/2021/texmf-dist/tex/latex/l3backend/l3backend-pdftex.def)
(/private/var/folders/hc/0xmbh5bn66d88xs_1l5fqk440000gn/T/RtmppHS1mI/Rd2pdf6422
727cead/Rd2.aux)
(/usr/local/texlive/2021/texmf-dist/tex/context/base/mkii/supp-pdf.mkii
[Loading MPS to PDF converter (version 2006.09.02).]
) (/usr/local/texlive/2021/texmf-dist/tex/latex/hyperref/nameref.sty
(/usr/local/texlive/2021/texmf-dist/tex/latex/refcount/refcount.sty)
(/usr/local/texlive/2021/texmf-dist/tex/generic/gettitlestring/gettitlestring.s
ty))
(/private/var/folders/hc/0xmbh5bn66d88xs_1l5fqk440000gn/T/RtmppHS1mI/Rd2pdf6422
727cead/Rd2.out)
(/private/var/folders/hc/0xmbh5bn66d88xs_1l5fqk440000gn/T/RtmppHS1mI/Rd2pdf6422
727cead/Rd2.out) (/usr/local/texlive/2021/texmf-dist/tex/latex/psnfss/ts1ptm.fd
) (/usr/local/texlive/2021/texmf-dist/tex/latex/inconsolata/t1zi4.fd)
(/usr/local/texlive/2021/texmf-dist/tex/latex/psnfss/t1phv.fd)
(/private/var/folders/hc/0xmbh5bn66d88xs_1l5fqk440000gn/T/RtmppHS1mI/Rd2pdf6422
727cead/Rd2.toc [1{/usr/local/texlive/2021/texmf-var/fonts/map/pdftex/updmap/pd
ftex.map}]) [2]
Overfull \hbox (15.25816pt too wide) in paragraph at lines 92--93
[]\T1/ptm/m/n/10 group name of the weights group from the SJD_algorithm out-put
, i.e 'Shared.All.13' 
[3] (/usr/local/texlive/2021/texmf-dist/tex/latex/inconsolata/ts1zi4.fd)
Overfull \hbox (12.75021pt too wide) in paragraph at lines 130--130
 []\T1/zi4/m/n/9 twoStageLCA.out = twoStageLCA(dataset = NeuroGenesis4.afterWra
p, group = grp, comp_num = dims)[] 
[4]
Overfull \hbox (15.25816pt too wide) in paragraph at lines 176--177
[]\T1/ptm/m/n/10 group name of the weights group from the SJD_algorithm out-put
, i.e 'Shared.All.13' 

Overfull \hbox (12.75021pt too wide) in paragraph at lines 214--214
 []\T1/zi4/m/n/9 twoStageLCA.out = twoStageLCA(dataset = NeuroGenesis4.afterWra
p, group = grp, comp_num = dims)[] 
[5] [6]
Underfull \hbox (badness 10000) in paragraph at lines 307--307
[]\T1/ptm/m/it/10 Components Name As-sign-ment for con-cate-nate, joint and
[7] [8] [9] [10] [11] [12] [13] [14] [15] [16] [17] [18] [19] [20] [21]
[22] [23]
Overfull \hbox (2.18639pt too wide) in paragraph at lines 1295--1296
[]\T1/ptm/m/n/10 A list of 4 neuro data sets sam-pled, con-tain-ing: Meiss-ner.
inVitro.bulk.Hs, LIBD.AZ.inVitro.bulk.Hs,

Overfull \hbox (56.66597pt too wide) in paragraph at lines 1324--1325
[]\T1/ptm/m/n/10 A list of 4 neuro data sets sam-pled af-ter wrap-per, con-tain
-ing: Meiss-ner.inVitro.bulk.Hs, LIBD.AZ.inVitro.bulk.Hs,
[24]
Overfull \hbox (33.7562pt too wide) in paragraph at lines 1353--1354
[]\T1/ptm/m/n/10 A list of info for 4 neuro data sets sam-pled, con-tain-ing: M
eiss-ner.inVitro.bulk.Hs, LIBD.AZ.inVitro.bulk.Hs,
[25] [26]
Overfull \hbox (13.49706pt too wide) in paragraph at lines 1473--1474
[]\T1/ptm/m/n/10 A log-i-cal vec-tor in-di-cat-ing which group-ings, i. e. whic
h el-e-ments of list_component
[27]
Overfull \hbox (18.73488pt too wide) in paragraph at lines 1496--1496
 []\T1/zi4/m/n/9 proj_group = c(TRUE, TRUE) # which groupings in the twoStageiL
CA analysis you want to project on.[] 

Overfull \hbox (245.21954pt too wide) in paragraph at lines 1505--1505
 []\T1/zi4/m/n/9 PLEASE MAKE SURE YOUR proj_dataset AND list_component ELEMENTS
 HAVE MEANINGFUL ROW(GENE) NAMES - they are matched across matrices for the pro
jection.[] 

Overfull \hbox (13.49706pt too wide) in paragraph at lines 1538--1539
[]\T1/ptm/m/n/10 A log-i-cal vec-tor in-di-cat-ing which group-ings, i. e. whic
h el-e-ments of list_component
[28]
Overfull \hbox (9.73488pt too wide) in paragraph at lines 1559--1559
 []\T1/zi4/m/n/9 proj_group = c(TRUE, TRUE) # which groupings in the joint deco
mposition you want to project on.[] 

Overfull \hbox (245.21954pt too wide) in paragraph at lines 1566--1566
 []\T1/zi4/m/n/9 PLEASE MAKE SURE YOUR proj_dataset AND list_component ELEMENTS
 HAVE MEANINGFUL ROW(GENE) NAMES - they are matched across matrices for the pro
jection.[] 
[29]
Overfull \hbox (48.76862pt too wide) in paragraph at lines 1613--1613
 []\T1/zi4/m/n/9 pveMultiple(dataset, group, comp_num, res_concatPCA$score_list
, res_concatPCA$linked_component_list)[] 
[30] [31] [32] [33] [34]
Overfull \hbox (8.63681pt too wide) in paragraph at lines 1966--1969
[]\T1/ptm/m/n/10 Assign name to scores based on the ex-tracted name for each da
taset, it takes the vec-tor of dataset_name
[35] [36] [37] [38] [39]
Overfull \hbox (16.41006pt too wide) in paragraph at lines 2263--2263
 []  \T1/zi4/m/n/10 clrs2end = c("plum", "purple", "blue", "blue4", "black", "d
arkred", "red", "orange",[] 
[40]
Overfull \hbox (227.63528pt too wide) in paragraph at lines 2282--2283
[]\T1/ptm/m/n/10 color scale for re-sult scores from other al-go-rithms. De-fau
lt: c("plum","purple","blue","blue4","black","darkred","red","orange","yellow")
 

Overfull \hbox (12.75021pt too wide) in paragraph at lines 2326--2326
 []\T1/zi4/m/n/9 twoStageLCA.out = twoStageLCA(dataset = NeuroGenesis4.afterWra
p, group = grp, comp_num = dims)[] 
[41]
Overfull \hbox (13.34753pt too wide) in paragraph at lines 2366--2367
[]\T1/ptm/m/n/10 character of gene/rowname type of each ma-trix i.e c("symbol",
"ensembl","symbol") 
[42]
Overfull \hbox (32.27168pt too wide) in paragraph at lines 2451--2451
 []\T1/zi4/m/n/9 rownames(NeuroGenesis4.sample[[1]])[5] = paste0(rownames(Neuro
Genesis4.sample[[1]])[5], ".test")[] 
[43]
Overfull \hbox (41.27168pt too wide) in paragraph at lines 2454--2454
 []\T1/zi4/m/n/9 rownames(NeuroGenesis4.sample[[2]])[10] = paste0(rownames(Neur
oGenesis4.sample[[2]])[10], ".test")[] 

Overfull \hbox (41.27168pt too wide) in paragraph at lines 2457--2457
 []\T1/zi4/m/n/9 rownames(NeuroGenesis4.sample[[3]])[15] = paste0(rownames(Neur
oGenesis4.sample[[3]])[15], ".test")[] 

Overfull \hbox (41.27168pt too wide) in paragraph at lines 2460--2460
 []\T1/zi4/m/n/9 rownames(NeuroGenesis4.sample[[4]])[20] = paste0(rownames(Neur
oGenesis4.sample[[4]])[20], ".test")[] 
[44] [45]
Overfull \hbox (1.07767pt too wide) in paragraph at lines 2592--2593
[]\T1/ptm/m/n/10 A backup vari-able, which per-mits the over-s-e-lec-tion of th
e com-po-nents by BEMA 

Overfull \hbox (19.63658pt too wide) in paragraph at lines 2609--2610
[]\T1/ptm/m/n/10 A list con-tains the com-po-nent and the score of each dataset
 on ev-ery com-po-nent af-ter twoStageiLCA.rank
[46] [47]
Overfull \hbox (1.07767pt too wide) in paragraph at lines 2743--2744
[]\T1/ptm/m/n/10 A backup vari-able, which per-mits the over-s-e-lec-tion of th
e com-po-nents by BEMA 
[48] [49]
No file Rd2.ind.
[50]
(/private/var/folders/hc/0xmbh5bn66d88xs_1l5fqk440000gn/T/RtmppHS1mI/Rd2pdf6422
727cead/Rd2.aux) )
(see the transcript file for additional information){/usr/local/texlive/2021/te
xmf-dist/fonts/enc/dvips/inconsolata/i4-ts1.enc}{/usr/local/texlive/2021/texmf-
dist/fonts/enc/dvips/base/8r.enc}{/usr/local/texlive/2021/texmf-dist/fonts/enc/
dvips/inconsolata/i4-t1-0.enc}{/usr/local/texlive/2021/texmf-dist/fonts/enc/dvi
ps/cm-super/cm-super-ts1.enc}</usr/local/texlive/2021/texmf-dist/fonts/type1/pu
blic/inconsolata/Inconsolata-zi4r.pfb></usr/local/texlive/2021/texmf-dist/fonts
/type1/public/cm-super/sfrm1000.pfb></usr/local/texlive/2021/texmf-dist/fonts/t
ype1/urw/helvetic/uhvr8a.pfb></usr/local/texlive/2021/texmf-dist/fonts/type1/ur
w/times/utmb8a.pfb></usr/local/texlive/2021/texmf-dist/fonts/type1/urw/times/ut
mr8a.pfb></usr/local/texlive/2021/texmf-dist/fonts/type1/urw/times/utmr8a.pfb><
/usr/local/texlive/2021/texmf-dist/fonts/type1/urw/times/utmri8a.pfb>
Output written on Rd2.pdf (50 pages, 167868 bytes).
Transcript written on Rd2.log.
This is makeindex, version 2.15 [TeX Live 2021] (kpathsea + Thai support).
Scanning input file Rd2.idx....done (177 entries accepted, 0 rejected).
Sorting entries....done (1374 comparisons).
Generating output file Rd2.ind....done (300 lines written, 0 warnings).
Output written in Rd2.ind.
Transcript written in Rd2.ilg.
This is pdfTeX, Version 3.141592653-2.6-1.40.22 (TeX Live 2021) (preloaded format=pdflatex)
 restricted \write18 enabled.
entering extended mode
LaTeX2e <2020-10-01> patch level 4
L3 programming layer <2021-02-18>
(./Rd2.tex
(/usr/local/texlive/2021/texmf-dist/tex/latex/base/book.cls
Document Class: book 2020/04/10 v1.4m Standard LaTeX document class
(/usr/local/texlive/2021/texmf-dist/tex/latex/base/bk10.clo))
(/Library/Frameworks/R.framework/Resources/share/texmf/tex/latex/Rd.sty
(/usr/local/texlive/2021/texmf-dist/tex/latex/base/ifthen.sty)
(/usr/local/texlive/2021/texmf-dist/tex/latex/tools/longtable.sty)
(/usr/local/texlive/2021/texmf-dist/tex/latex/tools/bm.sty)
(/usr/local/texlive/2021/texmf-dist/tex/latex/base/alltt.sty)
(/usr/local/texlive/2021/texmf-dist/tex/latex/tools/verbatim.sty)
(/usr/local/texlive/2021/texmf-dist/tex/latex/url/url.sty)
(/usr/local/texlive/2021/texmf-dist/tex/latex/base/textcomp.sty)
(/usr/local/texlive/2021/texmf-dist/tex/latex/base/fontenc.sty)
(/usr/local/texlive/2021/texmf-dist/tex/latex/psnfss/times.sty)
(/usr/local/texlive/2021/texmf-dist/tex/latex/inconsolata/zi4.sty
`inconsolata-zi4' v1.12, 2019/05/17 Text macros for Inconsolata (msharpe)
(/usr/local/texlive/2021/texmf-dist/tex/latex/xkeyval/xkeyval.sty
(/usr/local/texlive/2021/texmf-dist/tex/generic/xkeyval/xkeyval.tex
(/usr/local/texlive/2021/texmf-dist/tex/generic/xkeyval/xkvutils.tex
(/usr/local/texlive/2021/texmf-dist/tex/generic/xkeyval/keyval.tex)))))
(/usr/local/texlive/2021/texmf-dist/tex/latex/graphics/color.sty
(/usr/local/texlive/2021/texmf-dist/tex/latex/graphics-cfg/color.cfg)
(/usr/local/texlive/2021/texmf-dist/tex/latex/graphics-def/pdftex.def))
(/usr/local/texlive/2021/texmf-dist/tex/latex/hyperref/hyperref.sty
(/usr/local/texlive/2021/texmf-dist/tex/generic/ltxcmds/ltxcmds.sty)
(/usr/local/texlive/2021/texmf-dist/tex/generic/iftex/iftex.sty)
(/usr/local/texlive/2021/texmf-dist/tex/generic/pdftexcmds/pdftexcmds.sty
(/usr/local/texlive/2021/texmf-dist/tex/generic/infwarerr/infwarerr.sty))
(/usr/local/texlive/2021/texmf-dist/tex/generic/kvsetkeys/kvsetkeys.sty)
(/usr/local/texlive/2021/texmf-dist/tex/generic/kvdefinekeys/kvdefinekeys.sty)
(/usr/local/texlive/2021/texmf-dist/tex/generic/pdfescape/pdfescape.sty)
(/usr/local/texlive/2021/texmf-dist/tex/latex/hycolor/hycolor.sty)
(/usr/local/texlive/2021/texmf-dist/tex/latex/letltxmacro/letltxmacro.sty)
(/usr/local/texlive/2021/texmf-dist/tex/latex/auxhook/auxhook.sty)
(/usr/local/texlive/2021/texmf-dist/tex/latex/kvoptions/kvoptions.sty)
(/usr/local/texlive/2021/texmf-dist/tex/latex/hyperref/pd1enc.def)
(/usr/local/texlive/2021/texmf-dist/tex/latex/hyperref/hyperref-langpatches.def
) (/usr/local/texlive/2021/texmf-dist/tex/generic/intcalc/intcalc.sty)
(/usr/local/texlive/2021/texmf-dist/tex/generic/etexcmds/etexcmds.sty)
(/usr/local/texlive/2021/texmf-dist/tex/latex/hyperref/puenc.def)
(/usr/local/texlive/2021/texmf-dist/tex/generic/bitset/bitset.sty
(/usr/local/texlive/2021/texmf-dist/tex/generic/bigintcalc/bigintcalc.sty))
(/usr/local/texlive/2021/texmf-dist/tex/latex/base/atbegshi-ltx.sty))
(/usr/local/texlive/2021/texmf-dist/tex/latex/hyperref/hpdftex.def
(/usr/local/texlive/2021/texmf-dist/tex/latex/base/atveryend-ltx.sty)
(/usr/local/texlive/2021/texmf-dist/tex/latex/rerunfilecheck/rerunfilecheck.sty

(/usr/local/texlive/2021/texmf-dist/tex/generic/uniquecounter/uniquecounter.sty
)))

Package hyperref Warning: Option `hyperindex' has already been used,
(hyperref)                setting the option has no effect on input line 377.


Package hyperref Warning: Option `pagebackref' has already been used,
(hyperref)                setting the option has no effect on input line 377.

) (/usr/local/texlive/2021/texmf-dist/tex/latex/base/makeidx.sty)
(/usr/local/texlive/2021/texmf-dist/tex/latex/base/inputenc.sty)
Writing index file Rd2.idx
(/usr/local/texlive/2021/texmf-dist/tex/latex/psnfss/t1ptm.fd)
(/usr/local/texlive/2021/texmf-dist/tex/latex/l3backend/l3backend-pdftex.def)
(/private/var/folders/hc/0xmbh5bn66d88xs_1l5fqk440000gn/T/RtmppHS1mI/Rd2pdf6422
727cead/Rd2.aux)
(/usr/local/texlive/2021/texmf-dist/tex/context/base/mkii/supp-pdf.mkii
[Loading MPS to PDF converter (version 2006.09.02).]
) (/usr/local/texlive/2021/texmf-dist/tex/latex/hyperref/nameref.sty
(/usr/local/texlive/2021/texmf-dist/tex/latex/refcount/refcount.sty)
(/usr/local/texlive/2021/texmf-dist/tex/generic/gettitlestring/gettitlestring.s
ty))
(/private/var/folders/hc/0xmbh5bn66d88xs_1l5fqk440000gn/T/RtmppHS1mI/Rd2pdf6422
727cead/Rd2.out)
(/private/var/folders/hc/0xmbh5bn66d88xs_1l5fqk440000gn/T/RtmppHS1mI/Rd2pdf6422
727cead/Rd2.out) (/usr/local/texlive/2021/texmf-dist/tex/latex/psnfss/ts1ptm.fd
) (/usr/local/texlive/2021/texmf-dist/tex/latex/inconsolata/t1zi4.fd)
(/usr/local/texlive/2021/texmf-dist/tex/latex/psnfss/t1phv.fd)
(/private/var/folders/hc/0xmbh5bn66d88xs_1l5fqk440000gn/T/RtmppHS1mI/Rd2pdf6422
727cead/Rd2.toc [1{/usr/local/texlive/2021/texmf-var/fonts/map/pdftex/updmap/pd
ftex.map}]) [2]
Overfull \hbox (15.25816pt too wide) in paragraph at lines 92--93
[]\T1/ptm/m/n/10 group name of the weights group from the SJD_algorithm out-put
, i.e 'Shared.All.13' 
[3] (/usr/local/texlive/2021/texmf-dist/tex/latex/inconsolata/ts1zi4.fd)
Overfull \hbox (12.75021pt too wide) in paragraph at lines 130--130
 []\T1/zi4/m/n/9 twoStageLCA.out = twoStageLCA(dataset = NeuroGenesis4.afterWra
p, group = grp, comp_num = dims)[] 
[4]
Overfull \hbox (15.25816pt too wide) in paragraph at lines 176--177
[]\T1/ptm/m/n/10 group name of the weights group from the SJD_algorithm out-put
, i.e 'Shared.All.13' 

Overfull \hbox (12.75021pt too wide) in paragraph at lines 214--214
 []\T1/zi4/m/n/9 twoStageLCA.out = twoStageLCA(dataset = NeuroGenesis4.afterWra
p, group = grp, comp_num = dims)[] 
[5] [6]
Underfull \hbox (badness 10000) in paragraph at lines 307--307
[]\T1/ptm/m/it/10 Components Name As-sign-ment for con-cate-nate, joint and
[7] [8] [9] [10] [11] [12] [13] [14] [15] [16] [17] [18] [19] [20] [21]
[22] [23]
Overfull \hbox (2.18639pt too wide) in paragraph at lines 1295--1296
[]\T1/ptm/m/n/10 A list of 4 neuro data sets sam-pled, con-tain-ing: Meiss-ner.
inVitro.bulk.Hs, LIBD.AZ.inVitro.bulk.Hs,

Overfull \hbox (56.66597pt too wide) in paragraph at lines 1324--1325
[]\T1/ptm/m/n/10 A list of 4 neuro data sets sam-pled af-ter wrap-per, con-tain
-ing: Meiss-ner.inVitro.bulk.Hs, LIBD.AZ.inVitro.bulk.Hs,
[24]
Overfull \hbox (33.7562pt too wide) in paragraph at lines 1353--1354
[]\T1/ptm/m/n/10 A list of info for 4 neuro data sets sam-pled, con-tain-ing: M
eiss-ner.inVitro.bulk.Hs, LIBD.AZ.inVitro.bulk.Hs,
[25] [26]
Overfull \hbox (13.49706pt too wide) in paragraph at lines 1473--1474
[]\T1/ptm/m/n/10 A log-i-cal vec-tor in-di-cat-ing which group-ings, i. e. whic
h el-e-ments of list_component
[27]
Overfull \hbox (18.73488pt too wide) in paragraph at lines 1496--1496
 []\T1/zi4/m/n/9 proj_group = c(TRUE, TRUE) # which groupings in the twoStageiL
CA analysis you want to project on.[] 

Overfull \hbox (245.21954pt too wide) in paragraph at lines 1505--1505
 []\T1/zi4/m/n/9 PLEASE MAKE SURE YOUR proj_dataset AND list_component ELEMENTS
 HAVE MEANINGFUL ROW(GENE) NAMES - they are matched across matrices for the pro
jection.[] 

Overfull \hbox (13.49706pt too wide) in paragraph at lines 1538--1539
[]\T1/ptm/m/n/10 A log-i-cal vec-tor in-di-cat-ing which group-ings, i. e. whic
h el-e-ments of list_component
[28]
Overfull \hbox (9.73488pt too wide) in paragraph at lines 1559--1559
 []\T1/zi4/m/n/9 proj_group = c(TRUE, TRUE) # which groupings in the joint deco
mposition you want to project on.[] 

Overfull \hbox (245.21954pt too wide) in paragraph at lines 1566--1566
 []\T1/zi4/m/n/9 PLEASE MAKE SURE YOUR proj_dataset AND list_component ELEMENTS
 HAVE MEANINGFUL ROW(GENE) NAMES - they are matched across matrices for the pro
jection.[] 
[29]
Overfull \hbox (48.76862pt too wide) in paragraph at lines 1613--1613
 []\T1/zi4/m/n/9 pveMultiple(dataset, group, comp_num, res_concatPCA$score_list
, res_concatPCA$linked_component_list)[] 
[30] [31] [32] [33] [34]
Overfull \hbox (8.63681pt too wide) in paragraph at lines 1966--1969
[]\T1/ptm/m/n/10 Assign name to scores based on the ex-tracted name for each da
taset, it takes the vec-tor of dataset_name
[35] [36] [37] [38] [39]
Overfull \hbox (16.41006pt too wide) in paragraph at lines 2263--2263
 []  \T1/zi4/m/n/10 clrs2end = c("plum", "purple", "blue", "blue4", "black", "d
arkred", "red", "orange",[] 
[40]
Overfull \hbox (227.63528pt too wide) in paragraph at lines 2282--2283
[]\T1/ptm/m/n/10 color scale for re-sult scores from other al-go-rithms. De-fau
lt: c("plum","purple","blue","blue4","black","darkred","red","orange","yellow")
 

Overfull \hbox (12.75021pt too wide) in paragraph at lines 2326--2326
 []\T1/zi4/m/n/9 twoStageLCA.out = twoStageLCA(dataset = NeuroGenesis4.afterWra
p, group = grp, comp_num = dims)[] 
[41]
Overfull \hbox (13.34753pt too wide) in paragraph at lines 2366--2367
[]\T1/ptm/m/n/10 character of gene/rowname type of each ma-trix i.e c("symbol",
"ensembl","symbol") 
[42]
Overfull \hbox (32.27168pt too wide) in paragraph at lines 2451--2451
 []\T1/zi4/m/n/9 rownames(NeuroGenesis4.sample[[1]])[5] = paste0(rownames(Neuro
Genesis4.sample[[1]])[5], ".test")[] 
[43]
Overfull \hbox (41.27168pt too wide) in paragraph at lines 2454--2454
 []\T1/zi4/m/n/9 rownames(NeuroGenesis4.sample[[2]])[10] = paste0(rownames(Neur
oGenesis4.sample[[2]])[10], ".test")[] 

Overfull \hbox (41.27168pt too wide) in paragraph at lines 2457--2457
 []\T1/zi4/m/n/9 rownames(NeuroGenesis4.sample[[3]])[15] = paste0(rownames(Neur
oGenesis4.sample[[3]])[15], ".test")[] 

Overfull \hbox (41.27168pt too wide) in paragraph at lines 2460--2460
 []\T1/zi4/m/n/9 rownames(NeuroGenesis4.sample[[4]])[20] = paste0(rownames(Neur
oGenesis4.sample[[4]])[20], ".test")[] 
[44] [45]
Overfull \hbox (1.07767pt too wide) in paragraph at lines 2592--2593
[]\T1/ptm/m/n/10 A backup vari-able, which per-mits the over-s-e-lec-tion of th
e com-po-nents by BEMA 

Overfull \hbox (19.63658pt too wide) in paragraph at lines 2609--2610
[]\T1/ptm/m/n/10 A list con-tains the com-po-nent and the score of each dataset
 on ev-ery com-po-nent af-ter twoStageiLCA.rank
[46] [47]
Overfull \hbox (1.07767pt too wide) in paragraph at lines 2743--2744
[]\T1/ptm/m/n/10 A backup vari-able, which per-mits the over-s-e-lec-tion of th
e com-po-nents by BEMA 
[48] [49]
(/private/var/folders/hc/0xmbh5bn66d88xs_1l5fqk440000gn/T/RtmppHS1mI/Rd2pdf6422
727cead/Rd2.ind [50] [51] [52] [53])
(/private/var/folders/hc/0xmbh5bn66d88xs_1l5fqk440000gn/T/RtmppHS1mI/Rd2pdf6422
727cead/Rd2.aux)

Package rerunfilecheck Warning: File `Rd2.out' has changed.
(rerunfilecheck)                Rerun to get outlines right
(rerunfilecheck)                or use package `bookmark'.

 )
(see the transcript file for additional information){/usr/local/texlive/2021/te
xmf-dist/fonts/enc/dvips/inconsolata/i4-ts1.enc}{/usr/local/texlive/2021/texmf-
dist/fonts/enc/dvips/base/8r.enc}{/usr/local/texlive/2021/texmf-dist/fonts/enc/
dvips/inconsolata/i4-t1-0.enc}{/usr/local/texlive/2021/texmf-dist/fonts/enc/dvi
ps/cm-super/cm-super-ts1.enc}</usr/local/texlive/2021/texmf-dist/fonts/type1/pu
blic/inconsolata/Inconsolata-zi4r.pfb></usr/local/texlive/2021/texmf-dist/fonts
/type1/public/amsfonts/cm/cmsy10.pfb></usr/local/texlive/2021/texmf-dist/fonts/
type1/public/cm-super/sfrm1000.pfb></usr/local/texlive/2021/texmf-dist/fonts/ty
pe1/urw/helvetic/uhvr8a.pfb></usr/local/texlive/2021/texmf-dist/fonts/type1/urw
/times/utmb8a.pfb></usr/local/texlive/2021/texmf-dist/fonts/type1/urw/times/utm
r8a.pfb></usr/local/texlive/2021/texmf-dist/fonts/type1/urw/times/utmr8a.pfb></
usr/local/texlive/2021/texmf-dist/fonts/type1/urw/times/utmri8a.pfb>
Output written on Rd2.pdf (53 pages, 187085 bytes).
Transcript written on Rd2.log.
This is makeindex, version 2.15 [TeX Live 2021] (kpathsea + Thai support).
Scanning input file Rd2.idx....done (177 entries accepted, 0 rejected).
Sorting entries....done (1374 comparisons).
Generating output file Rd2.ind....done (300 lines written, 0 warnings).
Output written in Rd2.ind.
Transcript written in Rd2.ilg.
This is pdfTeX, Version 3.141592653-2.6-1.40.22 (TeX Live 2021) (preloaded format=pdflatex)
 restricted \write18 enabled.
entering extended mode
LaTeX2e <2020-10-01> patch level 4
L3 programming layer <2021-02-18>
(./Rd2.tex
(/usr/local/texlive/2021/texmf-dist/tex/latex/base/book.cls
Document Class: book 2020/04/10 v1.4m Standard LaTeX document class
(/usr/local/texlive/2021/texmf-dist/tex/latex/base/bk10.clo))
(/Library/Frameworks/R.framework/Resources/share/texmf/tex/latex/Rd.sty
(/usr/local/texlive/2021/texmf-dist/tex/latex/base/ifthen.sty)
(/usr/local/texlive/2021/texmf-dist/tex/latex/tools/longtable.sty)
(/usr/local/texlive/2021/texmf-dist/tex/latex/tools/bm.sty)
(/usr/local/texlive/2021/texmf-dist/tex/latex/base/alltt.sty)
(/usr/local/texlive/2021/texmf-dist/tex/latex/tools/verbatim.sty)
(/usr/local/texlive/2021/texmf-dist/tex/latex/url/url.sty)
(/usr/local/texlive/2021/texmf-dist/tex/latex/base/textcomp.sty)
(/usr/local/texlive/2021/texmf-dist/tex/latex/base/fontenc.sty)
(/usr/local/texlive/2021/texmf-dist/tex/latex/psnfss/times.sty)
(/usr/local/texlive/2021/texmf-dist/tex/latex/inconsolata/zi4.sty
`inconsolata-zi4' v1.12, 2019/05/17 Text macros for Inconsolata (msharpe)
(/usr/local/texlive/2021/texmf-dist/tex/latex/xkeyval/xkeyval.sty
(/usr/local/texlive/2021/texmf-dist/tex/generic/xkeyval/xkeyval.tex
(/usr/local/texlive/2021/texmf-dist/tex/generic/xkeyval/xkvutils.tex
(/usr/local/texlive/2021/texmf-dist/tex/generic/xkeyval/keyval.tex)))))
(/usr/local/texlive/2021/texmf-dist/tex/latex/graphics/color.sty
(/usr/local/texlive/2021/texmf-dist/tex/latex/graphics-cfg/color.cfg)
(/usr/local/texlive/2021/texmf-dist/tex/latex/graphics-def/pdftex.def))
(/usr/local/texlive/2021/texmf-dist/tex/latex/hyperref/hyperref.sty
(/usr/local/texlive/2021/texmf-dist/tex/generic/ltxcmds/ltxcmds.sty)
(/usr/local/texlive/2021/texmf-dist/tex/generic/iftex/iftex.sty)
(/usr/local/texlive/2021/texmf-dist/tex/generic/pdftexcmds/pdftexcmds.sty
(/usr/local/texlive/2021/texmf-dist/tex/generic/infwarerr/infwarerr.sty))
(/usr/local/texlive/2021/texmf-dist/tex/generic/kvsetkeys/kvsetkeys.sty)
(/usr/local/texlive/2021/texmf-dist/tex/generic/kvdefinekeys/kvdefinekeys.sty)
(/usr/local/texlive/2021/texmf-dist/tex/generic/pdfescape/pdfescape.sty)
(/usr/local/texlive/2021/texmf-dist/tex/latex/hycolor/hycolor.sty)
(/usr/local/texlive/2021/texmf-dist/tex/latex/letltxmacro/letltxmacro.sty)
(/usr/local/texlive/2021/texmf-dist/tex/latex/auxhook/auxhook.sty)
(/usr/local/texlive/2021/texmf-dist/tex/latex/kvoptions/kvoptions.sty)
(/usr/local/texlive/2021/texmf-dist/tex/latex/hyperref/pd1enc.def)
(/usr/local/texlive/2021/texmf-dist/tex/latex/hyperref/hyperref-langpatches.def
) (/usr/local/texlive/2021/texmf-dist/tex/generic/intcalc/intcalc.sty)
(/usr/local/texlive/2021/texmf-dist/tex/generic/etexcmds/etexcmds.sty)
(/usr/local/texlive/2021/texmf-dist/tex/latex/hyperref/puenc.def)
(/usr/local/texlive/2021/texmf-dist/tex/generic/bitset/bitset.sty
(/usr/local/texlive/2021/texmf-dist/tex/generic/bigintcalc/bigintcalc.sty))
(/usr/local/texlive/2021/texmf-dist/tex/latex/base/atbegshi-ltx.sty))
(/usr/local/texlive/2021/texmf-dist/tex/latex/hyperref/hpdftex.def
(/usr/local/texlive/2021/texmf-dist/tex/latex/base/atveryend-ltx.sty)
(/usr/local/texlive/2021/texmf-dist/tex/latex/rerunfilecheck/rerunfilecheck.sty

(/usr/local/texlive/2021/texmf-dist/tex/generic/uniquecounter/uniquecounter.sty
)))

Package hyperref Warning: Option `hyperindex' has already been used,
(hyperref)                setting the option has no effect on input line 377.


Package hyperref Warning: Option `pagebackref' has already been used,
(hyperref)                setting the option has no effect on input line 377.

) (/usr/local/texlive/2021/texmf-dist/tex/latex/base/makeidx.sty)
(/usr/local/texlive/2021/texmf-dist/tex/latex/base/inputenc.sty)
Writing index file Rd2.idx
(/usr/local/texlive/2021/texmf-dist/tex/latex/psnfss/t1ptm.fd)
(/usr/local/texlive/2021/texmf-dist/tex/latex/l3backend/l3backend-pdftex.def)
(/private/var/folders/hc/0xmbh5bn66d88xs_1l5fqk440000gn/T/RtmppHS1mI/Rd2pdf6422
727cead/Rd2.aux)
(/usr/local/texlive/2021/texmf-dist/tex/context/base/mkii/supp-pdf.mkii
[Loading MPS to PDF converter (version 2006.09.02).]
) (/usr/local/texlive/2021/texmf-dist/tex/latex/hyperref/nameref.sty
(/usr/local/texlive/2021/texmf-dist/tex/latex/refcount/refcount.sty)
(/usr/local/texlive/2021/texmf-dist/tex/generic/gettitlestring/gettitlestring.s
ty))
(/private/var/folders/hc/0xmbh5bn66d88xs_1l5fqk440000gn/T/RtmppHS1mI/Rd2pdf6422
727cead/Rd2.out)
(/private/var/folders/hc/0xmbh5bn66d88xs_1l5fqk440000gn/T/RtmppHS1mI/Rd2pdf6422
727cead/Rd2.out) (/usr/local/texlive/2021/texmf-dist/tex/latex/psnfss/ts1ptm.fd
) (/usr/local/texlive/2021/texmf-dist/tex/latex/inconsolata/t1zi4.fd)
(/usr/local/texlive/2021/texmf-dist/tex/latex/psnfss/t1phv.fd)
(/private/var/folders/hc/0xmbh5bn66d88xs_1l5fqk440000gn/T/RtmppHS1mI/Rd2pdf6422
727cead/Rd2.toc [1{/usr/local/texlive/2021/texmf-var/fonts/map/pdftex/updmap/pd
ftex.map}] [2])
Overfull \hbox (15.25816pt too wide) in paragraph at lines 92--93
[]\T1/ptm/m/n/10 group name of the weights group from the SJD_algorithm out-put
, i.e 'Shared.All.13' 
[3] (/usr/local/texlive/2021/texmf-dist/tex/latex/inconsolata/ts1zi4.fd)
Overfull \hbox (12.75021pt too wide) in paragraph at lines 130--130
 []\T1/zi4/m/n/9 twoStageLCA.out = twoStageLCA(dataset = NeuroGenesis4.afterWra
p, group = grp, comp_num = dims)[] 
[4]
Overfull \hbox (15.25816pt too wide) in paragraph at lines 176--177
[]\T1/ptm/m/n/10 group name of the weights group from the SJD_algorithm out-put
, i.e 'Shared.All.13' 

Overfull \hbox (12.75021pt too wide) in paragraph at lines 214--214
 []\T1/zi4/m/n/9 twoStageLCA.out = twoStageLCA(dataset = NeuroGenesis4.afterWra
p, group = grp, comp_num = dims)[] 
[5] [6]
Underfull \hbox (badness 10000) in paragraph at lines 307--307
[]\T1/ptm/m/it/10 Components Name As-sign-ment for con-cate-nate, joint and
[7] [8] [9] [10] [11] [12] [13] [14] [15] [16] [17] [18] [19] [20] [21]
[22] [23]
Overfull \hbox (2.18639pt too wide) in paragraph at lines 1295--1296
[]\T1/ptm/m/n/10 A list of 4 neuro data sets sam-pled, con-tain-ing: Meiss-ner.
inVitro.bulk.Hs, LIBD.AZ.inVitro.bulk.Hs,

Overfull \hbox (56.66597pt too wide) in paragraph at lines 1324--1325
[]\T1/ptm/m/n/10 A list of 4 neuro data sets sam-pled af-ter wrap-per, con-tain
-ing: Meiss-ner.inVitro.bulk.Hs, LIBD.AZ.inVitro.bulk.Hs,
[24]
Overfull \hbox (33.7562pt too wide) in paragraph at lines 1353--1354
[]\T1/ptm/m/n/10 A list of info for 4 neuro data sets sam-pled, con-tain-ing: M
eiss-ner.inVitro.bulk.Hs, LIBD.AZ.inVitro.bulk.Hs,
[25] [26]
Overfull \hbox (13.49706pt too wide) in paragraph at lines 1473--1474
[]\T1/ptm/m/n/10 A log-i-cal vec-tor in-di-cat-ing which group-ings, i. e. whic
h el-e-ments of list_component
[27]
Overfull \hbox (18.73488pt too wide) in paragraph at lines 1496--1496
 []\T1/zi4/m/n/9 proj_group = c(TRUE, TRUE) # which groupings in the twoStageiL
CA analysis you want to project on.[] 

Overfull \hbox (245.21954pt too wide) in paragraph at lines 1505--1505
 []\T1/zi4/m/n/9 PLEASE MAKE SURE YOUR proj_dataset AND list_component ELEMENTS
 HAVE MEANINGFUL ROW(GENE) NAMES - they are matched across matrices for the pro
jection.[] 

Overfull \hbox (13.49706pt too wide) in paragraph at lines 1538--1539
[]\T1/ptm/m/n/10 A log-i-cal vec-tor in-di-cat-ing which group-ings, i. e. whic
h el-e-ments of list_component
[28]
Overfull \hbox (9.73488pt too wide) in paragraph at lines 1559--1559
 []\T1/zi4/m/n/9 proj_group = c(TRUE, TRUE) # which groupings in the joint deco
mposition you want to project on.[] 

Overfull \hbox (245.21954pt too wide) in paragraph at lines 1566--1566
 []\T1/zi4/m/n/9 PLEASE MAKE SURE YOUR proj_dataset AND list_component ELEMENTS
 HAVE MEANINGFUL ROW(GENE) NAMES - they are matched across matrices for the pro
jection.[] 
[29]
Overfull \hbox (48.76862pt too wide) in paragraph at lines 1613--1613
 []\T1/zi4/m/n/9 pveMultiple(dataset, group, comp_num, res_concatPCA$score_list
, res_concatPCA$linked_component_list)[] 
[30] [31] [32] [33] [34]
Overfull \hbox (8.63681pt too wide) in paragraph at lines 1966--1969
[]\T1/ptm/m/n/10 Assign name to scores based on the ex-tracted name for each da
taset, it takes the vec-tor of dataset_name
[35] [36] [37] [38] [39]
Overfull \hbox (16.41006pt too wide) in paragraph at lines 2263--2263
 []  \T1/zi4/m/n/10 clrs2end = c("plum", "purple", "blue", "blue4", "black", "d
arkred", "red", "orange",[] 
[40]
Overfull \hbox (227.63528pt too wide) in paragraph at lines 2282--2283
[]\T1/ptm/m/n/10 color scale for re-sult scores from other al-go-rithms. De-fau
lt: c("plum","purple","blue","blue4","black","darkred","red","orange","yellow")
 

Overfull \hbox (12.75021pt too wide) in paragraph at lines 2326--2326
 []\T1/zi4/m/n/9 twoStageLCA.out = twoStageLCA(dataset = NeuroGenesis4.afterWra
p, group = grp, comp_num = dims)[] 
[41]
Overfull \hbox (13.34753pt too wide) in paragraph at lines 2366--2367
[]\T1/ptm/m/n/10 character of gene/rowname type of each ma-trix i.e c("symbol",
"ensembl","symbol") 
[42]
Overfull \hbox (32.27168pt too wide) in paragraph at lines 2451--2451
 []\T1/zi4/m/n/9 rownames(NeuroGenesis4.sample[[1]])[5] = paste0(rownames(Neuro
Genesis4.sample[[1]])[5], ".test")[] 
[43]
Overfull \hbox (41.27168pt too wide) in paragraph at lines 2454--2454
 []\T1/zi4/m/n/9 rownames(NeuroGenesis4.sample[[2]])[10] = paste0(rownames(Neur
oGenesis4.sample[[2]])[10], ".test")[] 

Overfull \hbox (41.27168pt too wide) in paragraph at lines 2457--2457
 []\T1/zi4/m/n/9 rownames(NeuroGenesis4.sample[[3]])[15] = paste0(rownames(Neur
oGenesis4.sample[[3]])[15], ".test")[] 

Overfull \hbox (41.27168pt too wide) in paragraph at lines 2460--2460
 []\T1/zi4/m/n/9 rownames(NeuroGenesis4.sample[[4]])[20] = paste0(rownames(Neur
oGenesis4.sample[[4]])[20], ".test")[] 
[44] [45]
Overfull \hbox (1.07767pt too wide) in paragraph at lines 2592--2593
[]\T1/ptm/m/n/10 A backup vari-able, which per-mits the over-s-e-lec-tion of th
e com-po-nents by BEMA 

Overfull \hbox (19.63658pt too wide) in paragraph at lines 2609--2610
[]\T1/ptm/m/n/10 A list con-tains the com-po-nent and the score of each dataset
 on ev-ery com-po-nent af-ter twoStageiLCA.rank
[46] [47]
Overfull \hbox (1.07767pt too wide) in paragraph at lines 2743--2744
[]\T1/ptm/m/n/10 A backup vari-able, which per-mits the over-s-e-lec-tion of th
e com-po-nents by BEMA 
[48] [49]
(/private/var/folders/hc/0xmbh5bn66d88xs_1l5fqk440000gn/T/RtmppHS1mI/Rd2pdf6422
727cead/Rd2.ind [50] [51] [52] [53])
(/private/var/folders/hc/0xmbh5bn66d88xs_1l5fqk440000gn/T/RtmppHS1mI/Rd2pdf6422
727cead/Rd2.aux) )
(see the transcript file for additional information){/usr/local/texlive/2021/te
xmf-dist/fonts/enc/dvips/inconsolata/i4-ts1.enc}{/usr/local/texlive/2021/texmf-
dist/fonts/enc/dvips/base/8r.enc}{/usr/local/texlive/2021/texmf-dist/fonts/enc/
dvips/inconsolata/i4-t1-0.enc}{/usr/local/texlive/2021/texmf-dist/fonts/enc/dvi
ps/cm-super/cm-super-ts1.enc}</usr/local/texlive/2021/texmf-dist/fonts/type1/pu
blic/inconsolata/Inconsolata-zi4r.pfb></usr/local/texlive/2021/texmf-dist/fonts
/type1/public/amsfonts/cm/cmsy10.pfb></usr/local/texlive/2021/texmf-dist/fonts/
type1/public/cm-super/sfrm1000.pfb></usr/local/texlive/2021/texmf-dist/fonts/ty
pe1/urw/helvetic/uhvr8a.pfb></usr/local/texlive/2021/texmf-dist/fonts/type1/urw
/times/utmb8a.pfb></usr/local/texlive/2021/texmf-dist/fonts/type1/urw/times/utm
r8a.pfb></usr/local/texlive/2021/texmf-dist/fonts/type1/urw/times/utmr8a.pfb></
usr/local/texlive/2021/texmf-dist/fonts/type1/urw/times/utmri8a.pfb>
Output written on Rd2.pdf (53 pages, 187467 bytes).
Transcript written on Rd2.log.
Saving output to ‘SJD-manual.pdf’ ...
Done
You may want to clean up by 'rm -Rf /var/folders/hc/0xmbh5bn66d88xs_1l5fqk440000gn/T//RtmppHS1mI/Rd2pdf6422727cead'
